<?xml version="1.0" encoding="UTF-8"?>
<testsuite xmlns:xsi="http://www.w3.org/2001/XMLSchema-instance" xsi:noNamespaceSchemaLocation="https://maven.apache.org/surefire/maven-surefire-plugin/xsd/surefire-test-report-3.0.xsd" version="3.0" name="PizzaFactoryTest" time="0.013" tests="4" errors="0" skipped="0" failures="0">
  <properties>
    <property name="java.specification.version" value="23"/>
    <property name="sun.cpu.isalist" value="amd64"/>
    <property name="sun.jnu.encoding" value="Cp1252"/>
    <property name="java.class.path" value="D:\Users\Zuhair\Desktop\mvn\PizzaFactory\target\test-classes;D:\Users\Zuhair\Desktop\mvn\PizzaFactory\target\classes;C:\Users\ZUHAIR\.m2\repository\junit\junit\4.13.2\junit-4.13.2.jar;C:\Users\ZUHAIR\.m2\repository\org\hamcrest\hamcrest-core\1.3\hamcrest-core-1.3.jar;"/>
    <property name="java.vm.vendor" value="Oracle Corporation"/>
    <property name="sun.arch.data.model" value="64"/>
    <property name="user.variant" value=""/>
    <property name="java.vendor.url" value="https://java.oracle.com/"/>
    <property name="user.timezone" value="Asia/Dhaka"/>
    <property name="os.name" value="Windows 10"/>
    <property name="java.vm.specification.version" value="23"/>
    <property name="sun.java.launcher" value="SUN_STANDARD"/>
    <property name="user.country" value="US"/>
    <property name="sun.boot.library.path" value="C:\Program Files\Java\jdk-23\bin"/>
    <property name="sun.java.command" value="C:\Users\ZUHAIR\AppData\Local\Temp\surefire8978209162643209118\surefirebooter-20241009040158751_3.jar C:\Users\ZUHAIR\AppData\Local\Temp\surefire8978209162643209118 2024-10-09T04-01-58_635-jvmRun1 surefire-20241009040158751_1tmp surefire_0-20241009040158751_2tmp"/>
    <property name="jdk.debug" value="release"/>
    <property name="surefire.test.class.path" value="D:\Users\Zuhair\Desktop\mvn\PizzaFactory\target\test-classes;D:\Users\Zuhair\Desktop\mvn\PizzaFactory\target\classes;C:\Users\ZUHAIR\.m2\repository\junit\junit\4.13.2\junit-4.13.2.jar;C:\Users\ZUHAIR\.m2\repository\org\hamcrest\hamcrest-core\1.3\hamcrest-core-1.3.jar;"/>
    <property name="sun.cpu.endian" value="little"/>
    <property name="user.home" value="C:\Users\ZUHAIR"/>
    <property name="user.language" value="en"/>
    <property name="java.specification.vendor" value="Oracle Corporation"/>
    <property name="java.version.date" value="2024-09-17"/>
    <property name="java.home" value="C:\Program Files\Java\jdk-23"/>
    <property name="file.separator" value="\"/>
    <property name="basedir" value="D:\Users\Zuhair\Desktop\mvn\PizzaFactory"/>
    <property name="java.vm.compressedOopsMode" value="Zero based"/>
    <property name="line.separator" value="&#10;"/>
    <property name="java.vm.specification.vendor" value="Oracle Corporation"/>
    <property name="java.specification.name" value="Java Platform API Specification"/>
    <property name="surefire.real.class.path" value="C:\Users\ZUHAIR\AppData\Local\Temp\surefire8978209162643209118\surefirebooter-20241009040158751_3.jar"/>
    <property name="user.script" value=""/>
    <property name="sun.management.compiler" value="HotSpot 64-Bit Tiered Compilers"/>
    <property name="java.runtime.version" value="23+37-2369"/>
    <property name="user.name" value="ZUHAIR"/>
    <property name="stdout.encoding" value="Cp1252"/>
    <property name="path.separator" value=";"/>
    <property name="os.version" value="10.0"/>
    <property name="java.runtime.name" value="Java(TM) SE Runtime Environment"/>
    <property name="file.encoding" value="UTF-8"/>
    <property name="java.vm.name" value="Java HotSpot(TM) 64-Bit Server VM"/>
    <property name="localRepository" value="C:\Users\ZUHAIR\.m2\repository"/>
    <property name="java.vendor.url.bug" value="https://bugreport.java.com/bugreport/"/>
    <property name="java.io.tmpdir" value="C:\Users\ZUHAIR\AppData\Local\Temp\"/>
    <property name="java.version" value="23"/>
    <property name="user.dir" value="D:\Users\Zuhair\Desktop\mvn\PizzaFactory"/>
    <property name="os.arch" value="amd64"/>
    <property name="java.vm.specification.name" value="Java Virtual Machine Specification"/>
    <property name="sun.os.patch.level" value=""/>
    <property name="native.encoding" value="Cp1252"/>
    <property name="java.library.path" value="C:\Program Files\Java\jdk-23\bin;C:\Windows\Sun\Java\bin;C:\Windows\system32;C:\Windows;C:\Program Files\Common Files\Oracle\Java\javapath;C:\Program Files\NVIDIA GPU Computing Toolkit\CUDA\v12.1\bin;C:\Program Files\NVIDIA GPU Computing Toolkit\CUDA\v12.1\libnvvp;C:\Windows\system32;C:\Windows;C:\Windows\System32\Wbem;C:\Windows\System32\WindowsPowerShell\v1.0\;C:\Windows\System32\OpenSSH\;C:\Program Files\NVIDIA Corporation\NVIDIA NvDLISR;C:\Program Files (x86)\NVIDIA Corporation\PhysX\Common;C:\Program Files\NVIDIA Corporation\Nsight Compute 2023.1.1\;C:\Program Files\Git\cmd;D:\Program Files\PuTTY\;D:\Program Files\nodejs\;C:\Program Files (x86)\cloudflared\;C:\Program Files (x86)\Microsoft SQL Server\160\Tools\Binn\;C:\Program Files\Microsoft SQL Server\160\Tools\Binn\;C:\Program Files\Microsoft SQL Server\Client SDK\ODBC\170\Tools\Binn\;C:\Program Files\Microsoft SQL Server\160\DTS\Binn\;C:\Program Files (x86)\Microsoft SQL Server\160\DTS\Binn\;C:\Users\ZUHAIR\.local\share\solana\install\active_release\bin;C:\Users\ZUHAIR\.cargo\bin;C:\Users\ZUHAIR\AppData\Local\Programs\Python\Python38\Scripts\;C:\Users\ZUHAIR\AppData\Local\Programs\Python\Python38\;C:\Users\ZUHAIR\AppData\Local\Microsoft\WindowsApps;C:\Users\ZUHAIR\AppData\Local\Programs\Microsoft VS Code\bin;C:\Users\ZUHAIR\AppData\Local\GitHubDesktop\bin;C:\MinGW\bin;D:\Program Files\Codigo;C:\Program Files (x86)\Nmap;C:\Webdriver\bin;C:\Users\ZUHAIR\AppData\Local\Programs\Fiddler;C:\Users\ZUHAIR\AppData\Local\Microsoft\WinGet\Packages\Gyan.FFmpeg_Microsoft.Winget.Source_8wekyb3d8bbwe\ffmpeg-7.0.1-full_build\bin;C:\Users\ZUHAIR\AppData\Local\Microsoft\WinGet\Packages\Schniz.fnm_Microsoft.Winget.Source_8wekyb3d8bbwe;C:\Users\ZUHAIR\AppData\Roaming\npm;D:\Program Files\Apache\Maven\bin;%JAVA_HOME%\bin;;."/>
    <property name="java.vm.info" value="mixed mode, sharing"/>
    <property name="stderr.encoding" value="Cp1252"/>
    <property name="java.vendor" value="Oracle Corporation"/>
    <property name="java.vm.version" value="23+37-2369"/>
    <property name="sun.io.unicode.encoding" value="UnicodeLittle"/>
    <property name="java.class.version" value="67.0"/>
  </properties>
  <testcase name="testCreatePepperoniPizza" classname="PizzaFactoryTest" time="0.002"/>
  <testcase name="testCreateGlutenFreePizza" classname="PizzaFactoryTest" time="0.001"/>
  <testcase name="testCreateGreekPizza" classname="PizzaFactoryTest" time="0.0"/>
  <testcase name="testCreateCheesePizza" classname="PizzaFactoryTest" time="0.001"/>
</testsuite>